{"C:\\Users\\gerga\\Desktop\\University Stuff\\Web API\\CookingBlog\\server\\modules\\DataLayer.js": {"path":"C:\\Users\\gerga\\Desktop\\University Stuff\\Web API\\CookingBlog\\server\\modules\\DataLayer.js","statementMap":{"0":{"start":{"line":2,"column":16},"end":{"line":2,"column":44}},"1":{"start":{"line":3,"column":15},"end":{"line":3,"column":32}},"2":{"start":{"line":4,"column":11},"end":{"line":4,"column":13}},"3":{"start":{"line":5,"column":11},"end":{"line":8,"column":2}},"4":{"start":{"line":6,"column":1},"end":{"line":6,"column":43}},"5":{"start":{"line":6,"column":10},"end":{"line":6,"column":43}},"6":{"start":{"line":7,"column":1},"end":{"line":7,"column":62}},"7":{"start":{"line":9,"column":0},"end":{"line":21,"column":1}},"8":{"start":{"line":11,"column":14},"end":{"line":12,"column":46}},"9":{"start":{"line":13,"column":4},"end":{"line":20,"column":6}},"10":{"start":{"line":14,"column":4},"end":{"line":18,"column":9}},"11":{"start":{"line":15,"column":8},"end":{"line":15,"column":25}},"12":{"start":{"line":17,"column":12},"end":{"line":17,"column":38}},"13":{"start":{"line":23,"column":0},"end":{"line":31,"column":1}},"14":{"start":{"line":24,"column":14},"end":{"line":24,"column":39}},"15":{"start":{"line":25,"column":4},"end":{"line":30,"column":6}},"16":{"start":{"line":26,"column":8},"end":{"line":28,"column":9}},"17":{"start":{"line":27,"column":12},"end":{"line":27,"column":22}},"18":{"start":{"line":29,"column":8},"end":{"line":29,"column":37}},"19":{"start":{"line":33,"column":1},"end":{"line":42,"column":1}},"20":{"start":{"line":34,"column":5},"end":{"line":34,"column":24}},"21":{"start":{"line":35,"column":14},"end":{"line":35,"column":57}},"22":{"start":{"line":36,"column":4},"end":{"line":41,"column":6}},"23":{"start":{"line":37,"column":8},"end":{"line":39,"column":9}},"24":{"start":{"line":38,"column":12},"end":{"line":38,"column":22}},"25":{"start":{"line":40,"column":8},"end":{"line":40,"column":37}},"26":{"start":{"line":44,"column":0},"end":{"line":52,"column":1}},"27":{"start":{"line":45,"column":14},"end":{"line":45,"column":54}},"28":{"start":{"line":46,"column":4},"end":{"line":51,"column":6}},"29":{"start":{"line":47,"column":8},"end":{"line":49,"column":9}},"30":{"start":{"line":48,"column":12},"end":{"line":48,"column":22}},"31":{"start":{"line":50,"column":8},"end":{"line":50,"column":37}},"32":{"start":{"line":54,"column":0},"end":{"line":62,"column":1}},"33":{"start":{"line":55,"column":14},"end":{"line":55,"column":61}},"34":{"start":{"line":56,"column":4},"end":{"line":61,"column":6}},"35":{"start":{"line":57,"column":8},"end":{"line":59,"column":9}},"36":{"start":{"line":58,"column":12},"end":{"line":58,"column":22}},"37":{"start":{"line":60,"column":8},"end":{"line":60,"column":37}},"38":{"start":{"line":64,"column":0},"end":{"line":73,"column":5}},"39":{"start":{"line":65,"column":14},"end":{"line":65,"column":161}},"40":{"start":{"line":66,"column":4},"end":{"line":72,"column":10}},"41":{"start":{"line":67,"column":8},"end":{"line":71,"column":13}},"42":{"start":{"line":68,"column":12},"end":{"line":68,"column":29}},"43":{"start":{"line":70,"column":16},"end":{"line":70,"column":42}},"44":{"start":{"line":75,"column":4},"end":{"line":85,"column":9}},"45":{"start":{"line":76,"column":8},"end":{"line":76,"column":31}},"46":{"start":{"line":77,"column":18},"end":{"line":77,"column":239}},"47":{"start":{"line":78,"column":8},"end":{"line":84,"column":14}},"48":{"start":{"line":79,"column":12},"end":{"line":83,"column":17}},"49":{"start":{"line":80,"column":16},"end":{"line":80,"column":33}},"50":{"start":{"line":82,"column":20},"end":{"line":82,"column":46}},"51":{"start":{"line":88,"column":0},"end":{"line":99,"column":1}},"52":{"start":{"line":89,"column":4},"end":{"line":89,"column":37}},"53":{"start":{"line":90,"column":14},"end":{"line":90,"column":74}},"54":{"start":{"line":91,"column":4},"end":{"line":91,"column":27}},"55":{"start":{"line":92,"column":4},"end":{"line":98,"column":6}},"56":{"start":{"line":93,"column":8},"end":{"line":97,"column":13}},"57":{"start":{"line":94,"column":12},"end":{"line":94,"column":29}},"58":{"start":{"line":96,"column":16},"end":{"line":96,"column":42}},"59":{"start":{"line":101,"column":0},"end":{"line":112,"column":1}},"60":{"start":{"line":102,"column":4},"end":{"line":102,"column":40}},"61":{"start":{"line":103,"column":14},"end":{"line":104,"column":151}},"62":{"start":{"line":105,"column":4},"end":{"line":111,"column":6}},"63":{"start":{"line":106,"column":4},"end":{"line":110,"column":9}},"64":{"start":{"line":107,"column":8},"end":{"line":107,"column":25}},"65":{"start":{"line":109,"column":12},"end":{"line":109,"column":38}},"66":{"start":{"line":114,"column":0},"end":{"line":130,"column":1}},"67":{"start":{"line":115,"column":10},"end":{"line":115,"column":12}},"68":{"start":{"line":116,"column":1},"end":{"line":118,"column":2}},"69":{"start":{"line":117,"column":2},"end":{"line":117,"column":66}},"70":{"start":{"line":119,"column":1},"end":{"line":129,"column":6}},"71":{"start":{"line":120,"column":8},"end":{"line":121,"column":41}},"72":{"start":{"line":120,"column":17},"end":{"line":120,"column":44}},"73":{"start":{"line":121,"column":12},"end":{"line":121,"column":40}},"74":{"start":{"line":122,"column":8},"end":{"line":128,"column":9}},"75":{"start":{"line":124,"column":12},"end":{"line":124,"column":39}},"76":{"start":{"line":127,"column":12},"end":{"line":127,"column":40}},"77":{"start":{"line":133,"column":0},"end":{"line":150,"column":5}},"78":{"start":{"line":134,"column":14},"end":{"line":134,"column":16}},"79":{"start":{"line":136,"column":12},"end":{"line":136,"column":59}},"80":{"start":{"line":137,"column":8},"end":{"line":149,"column":10}},"81":{"start":{"line":138,"column":12},"end":{"line":141,"column":13}},"82":{"start":{"line":139,"column":16},"end":{"line":139,"column":43}},"83":{"start":{"line":140,"column":16},"end":{"line":140,"column":44}},"84":{"start":{"line":142,"column":12},"end":{"line":142,"column":28}},"85":{"start":{"line":143,"column":12},"end":{"line":148,"column":17}},"86":{"start":{"line":145,"column":16},"end":{"line":145,"column":43}},"87":{"start":{"line":147,"column":20},"end":{"line":147,"column":48}},"88":{"start":{"line":151,"column":4},"end":{"line":166,"column":9}},"89":{"start":{"line":152,"column":18},"end":{"line":152,"column":20}},"90":{"start":{"line":154,"column":16},"end":{"line":154,"column":60}},"91":{"start":{"line":155,"column":12},"end":{"line":165,"column":14}},"92":{"start":{"line":156,"column":16},"end":{"line":157,"column":49}},"93":{"start":{"line":156,"column":25},"end":{"line":156,"column":52}},"94":{"start":{"line":157,"column":20},"end":{"line":157,"column":48}},"95":{"start":{"line":158,"column":16},"end":{"line":164,"column":17}},"96":{"start":{"line":160,"column":20},"end":{"line":160,"column":47}},"97":{"start":{"line":163,"column":20},"end":{"line":163,"column":48}},"98":{"start":{"line":167,"column":8},"end":{"line":179,"column":13}},"99":{"start":{"line":168,"column":22},"end":{"line":168,"column":24}},"100":{"start":{"line":169,"column":20},"end":{"line":169,"column":67}},"101":{"start":{"line":170,"column":16},"end":{"line":178,"column":18}},"102":{"start":{"line":171,"column":20},"end":{"line":171,"column":53}},"103":{"start":{"line":171,"column":27},"end":{"line":171,"column":53}},"104":{"start":{"line":172,"column":37},"end":{"line":175,"column":25}},"105":{"start":{"line":176,"column":24},"end":{"line":176,"column":52}},"106":{"start":{"line":181,"column":12},"end":{"line":189,"column":17}},"107":{"start":{"line":182,"column":26},"end":{"line":182,"column":28}},"108":{"start":{"line":183,"column":24},"end":{"line":183,"column":68}},"109":{"start":{"line":184,"column":20},"end":{"line":188,"column":22}},"110":{"start":{"line":185,"column":24},"end":{"line":185,"column":57}},"111":{"start":{"line":185,"column":31},"end":{"line":185,"column":57}},"112":{"start":{"line":186,"column":28},"end":{"line":186,"column":67}}},"fnMap":{"0":{"name":"(anonymous_0)","decl":{"start":{"line":5,"column":48},"end":{"line":5,"column":49}},"loc":{"start":{"line":5,"column":57},"end":{"line":8,"column":1}},"line":5},"1":{"name":"(anonymous_1)","decl":{"start":{"line":9,"column":29},"end":{"line":9,"column":30}},"loc":{"start":{"line":9,"column":62},"end":{"line":21,"column":1}},"line":9},"2":{"name":"(anonymous_2)","decl":{"start":{"line":13,"column":16},"end":{"line":13,"column":17}},"loc":{"start":{"line":13,"column":23},"end":{"line":20,"column":5}},"line":13},"3":{"name":"(anonymous_3)","decl":{"start":{"line":23,"column":25},"end":{"line":23,"column":26}},"loc":{"start":{"line":23,"column":39},"end":{"line":31,"column":1}},"line":23},"4":{"name":"(anonymous_4)","decl":{"start":{"line":25,"column":16},"end":{"line":25,"column":17}},"loc":{"start":{"line":25,"column":33},"end":{"line":30,"column":5}},"line":25},"5":{"name":"(anonymous_5)","decl":{"start":{"line":33,"column":34},"end":{"line":33,"column":35}},"loc":{"start":{"line":33,"column":56},"end":{"line":42,"column":1}},"line":33},"6":{"name":"(anonymous_6)","decl":{"start":{"line":36,"column":26},"end":{"line":36,"column":27}},"loc":{"start":{"line":36,"column":43},"end":{"line":41,"column":5}},"line":36},"7":{"name":"(anonymous_7)","decl":{"start":{"line":44,"column":27},"end":{"line":44,"column":28}},"loc":{"start":{"line":44,"column":49},"end":{"line":52,"column":1}},"line":44},"8":{"name":"(anonymous_8)","decl":{"start":{"line":46,"column":26},"end":{"line":46,"column":27}},"loc":{"start":{"line":46,"column":43},"end":{"line":51,"column":5}},"line":46},"9":{"name":"(anonymous_9)","decl":{"start":{"line":54,"column":30},"end":{"line":54,"column":31}},"loc":{"start":{"line":54,"column":52},"end":{"line":62,"column":1}},"line":54},"10":{"name":"(anonymous_10)","decl":{"start":{"line":56,"column":26},"end":{"line":56,"column":27}},"loc":{"start":{"line":56,"column":43},"end":{"line":61,"column":5}},"line":56},"11":{"name":"(anonymous_11)","decl":{"start":{"line":64,"column":22},"end":{"line":64,"column":23}},"loc":{"start":{"line":64,"column":82},"end":{"line":73,"column":5}},"line":64},"12":{"name":"(anonymous_12)","decl":{"start":{"line":66,"column":16},"end":{"line":66,"column":17}},"loc":{"start":{"line":66,"column":23},"end":{"line":72,"column":9}},"line":66},"13":{"name":"(anonymous_13)","decl":{"start":{"line":75,"column":33},"end":{"line":75,"column":34}},"loc":{"start":{"line":75,"column":122},"end":{"line":85,"column":9}},"line":75},"14":{"name":"(anonymous_14)","decl":{"start":{"line":78,"column":20},"end":{"line":78,"column":21}},"loc":{"start":{"line":78,"column":27},"end":{"line":84,"column":13}},"line":78},"15":{"name":"(anonymous_15)","decl":{"start":{"line":88,"column":27},"end":{"line":88,"column":28}},"loc":{"start":{"line":88,"column":56},"end":{"line":99,"column":1}},"line":88},"16":{"name":"(anonymous_16)","decl":{"start":{"line":92,"column":33},"end":{"line":92,"column":34}},"loc":{"start":{"line":92,"column":39},"end":{"line":98,"column":5}},"line":92},"17":{"name":"(anonymous_17)","decl":{"start":{"line":101,"column":31},"end":{"line":101,"column":32}},"loc":{"start":{"line":101,"column":134},"end":{"line":112,"column":1}},"line":101},"18":{"name":"(anonymous_18)","decl":{"start":{"line":105,"column":16},"end":{"line":105,"column":17}},"loc":{"start":{"line":105,"column":23},"end":{"line":111,"column":5}},"line":105},"19":{"name":"(anonymous_19)","decl":{"start":{"line":114,"column":37},"end":{"line":114,"column":38}},"loc":{"start":{"line":114,"column":63},"end":{"line":130,"column":1}},"line":114},"20":{"name":"(anonymous_20)","decl":{"start":{"line":119,"column":25},"end":{"line":119,"column":26}},"loc":{"start":{"line":119,"column":39},"end":{"line":129,"column":5}},"line":119},"21":{"name":"(anonymous_21)","decl":{"start":{"line":133,"column":32},"end":{"line":133,"column":33}},"loc":{"start":{"line":133,"column":52},"end":{"line":150,"column":5}},"line":133},"22":{"name":"(anonymous_22)","decl":{"start":{"line":137,"column":27},"end":{"line":137,"column":28}},"loc":{"start":{"line":137,"column":41},"end":{"line":149,"column":9}},"line":137},"23":{"name":"(anonymous_23)","decl":{"start":{"line":151,"column":33},"end":{"line":151,"column":34}},"loc":{"start":{"line":151,"column":54},"end":{"line":166,"column":9}},"line":151},"24":{"name":"(anonymous_24)","decl":{"start":{"line":155,"column":32},"end":{"line":155,"column":33}},"loc":{"start":{"line":155,"column":46},"end":{"line":165,"column":13}},"line":155},"25":{"name":"(anonymous_25)","decl":{"start":{"line":167,"column":31},"end":{"line":167,"column":32}},"loc":{"start":{"line":167,"column":51},"end":{"line":179,"column":13}},"line":167},"26":{"name":"(anonymous_26)","decl":{"start":{"line":170,"column":35},"end":{"line":170,"column":36}},"loc":{"start":{"line":170,"column":52},"end":{"line":178,"column":17}},"line":170},"27":{"name":"(anonymous_27)","decl":{"start":{"line":181,"column":41},"end":{"line":181,"column":42}},"loc":{"start":{"line":181,"column":62},"end":{"line":189,"column":17}},"line":181},"28":{"name":"(anonymous_28)","decl":{"start":{"line":184,"column":40},"end":{"line":184,"column":41}},"loc":{"start":{"line":184,"column":57},"end":{"line":188,"column":21}},"line":184}},"branchMap":{"0":{"loc":{"start":{"line":6,"column":1},"end":{"line":6,"column":43}},"type":"if","locations":[{"start":{"line":6,"column":1},"end":{"line":6,"column":43}},{"start":{"line":6,"column":1},"end":{"line":6,"column":43}}],"line":6},"1":{"loc":{"start":{"line":14,"column":4},"end":{"line":18,"column":9}},"type":"if","locations":[{"start":{"line":14,"column":4},"end":{"line":18,"column":9}},{"start":{"line":14,"column":4},"end":{"line":18,"column":9}}],"line":14},"2":{"loc":{"start":{"line":26,"column":8},"end":{"line":28,"column":9}},"type":"if","locations":[{"start":{"line":26,"column":8},"end":{"line":28,"column":9}},{"start":{"line":26,"column":8},"end":{"line":28,"column":9}}],"line":26},"3":{"loc":{"start":{"line":37,"column":8},"end":{"line":39,"column":9}},"type":"if","locations":[{"start":{"line":37,"column":8},"end":{"line":39,"column":9}},{"start":{"line":37,"column":8},"end":{"line":39,"column":9}}],"line":37},"4":{"loc":{"start":{"line":47,"column":8},"end":{"line":49,"column":9}},"type":"if","locations":[{"start":{"line":47,"column":8},"end":{"line":49,"column":9}},{"start":{"line":47,"column":8},"end":{"line":49,"column":9}}],"line":47},"5":{"loc":{"start":{"line":57,"column":8},"end":{"line":59,"column":9}},"type":"if","locations":[{"start":{"line":57,"column":8},"end":{"line":59,"column":9}},{"start":{"line":57,"column":8},"end":{"line":59,"column":9}}],"line":57},"6":{"loc":{"start":{"line":67,"column":8},"end":{"line":71,"column":13}},"type":"if","locations":[{"start":{"line":67,"column":8},"end":{"line":71,"column":13}},{"start":{"line":67,"column":8},"end":{"line":71,"column":13}}],"line":67},"7":{"loc":{"start":{"line":79,"column":12},"end":{"line":83,"column":17}},"type":"if","locations":[{"start":{"line":79,"column":12},"end":{"line":83,"column":17}},{"start":{"line":79,"column":12},"end":{"line":83,"column":17}}],"line":79},"8":{"loc":{"start":{"line":93,"column":8},"end":{"line":97,"column":13}},"type":"if","locations":[{"start":{"line":93,"column":8},"end":{"line":97,"column":13}},{"start":{"line":93,"column":8},"end":{"line":97,"column":13}}],"line":93},"9":{"loc":{"start":{"line":106,"column":4},"end":{"line":110,"column":9}},"type":"if","locations":[{"start":{"line":106,"column":4},"end":{"line":110,"column":9}},{"start":{"line":106,"column":4},"end":{"line":110,"column":9}}],"line":106},"10":{"loc":{"start":{"line":116,"column":1},"end":{"line":118,"column":2}},"type":"if","locations":[{"start":{"line":116,"column":1},"end":{"line":118,"column":2}},{"start":{"line":116,"column":1},"end":{"line":118,"column":2}}],"line":116},"11":{"loc":{"start":{"line":116,"column":4},"end":{"line":116,"column":28}},"type":"binary-expr","locations":[{"start":{"line":116,"column":4},"end":{"line":116,"column":14}},{"start":{"line":116,"column":18},"end":{"line":116,"column":28}}],"line":116},"12":{"loc":{"start":{"line":120,"column":8},"end":{"line":121,"column":41}},"type":"if","locations":[{"start":{"line":120,"column":8},"end":{"line":121,"column":41}},{"start":{"line":120,"column":8},"end":{"line":121,"column":41}}],"line":120},"13":{"loc":{"start":{"line":122,"column":8},"end":{"line":128,"column":9}},"type":"if","locations":[{"start":{"line":122,"column":8},"end":{"line":128,"column":9}},{"start":{"line":122,"column":8},"end":{"line":128,"column":9}}],"line":122},"14":{"loc":{"start":{"line":138,"column":12},"end":{"line":141,"column":13}},"type":"if","locations":[{"start":{"line":138,"column":12},"end":{"line":141,"column":13}},{"start":{"line":138,"column":12},"end":{"line":141,"column":13}}],"line":138},"15":{"loc":{"start":{"line":143,"column":12},"end":{"line":148,"column":17}},"type":"if","locations":[{"start":{"line":143,"column":12},"end":{"line":148,"column":17}},{"start":{"line":143,"column":12},"end":{"line":148,"column":17}}],"line":143},"16":{"loc":{"start":{"line":156,"column":16},"end":{"line":157,"column":49}},"type":"if","locations":[{"start":{"line":156,"column":16},"end":{"line":157,"column":49}},{"start":{"line":156,"column":16},"end":{"line":157,"column":49}}],"line":156},"17":{"loc":{"start":{"line":158,"column":16},"end":{"line":164,"column":17}},"type":"if","locations":[{"start":{"line":158,"column":16},"end":{"line":164,"column":17}},{"start":{"line":158,"column":16},"end":{"line":164,"column":17}}],"line":158},"18":{"loc":{"start":{"line":171,"column":20},"end":{"line":171,"column":53}},"type":"if","locations":[{"start":{"line":171,"column":20},"end":{"line":171,"column":53}},{"start":{"line":171,"column":20},"end":{"line":171,"column":53}}],"line":171},"19":{"loc":{"start":{"line":185,"column":24},"end":{"line":185,"column":57}},"type":"if","locations":[{"start":{"line":185,"column":24},"end":{"line":185,"column":57}},{"start":{"line":185,"column":24},"end":{"line":185,"column":57}}],"line":185}},"s":{"0":1,"1":1,"2":1,"3":1,"4":0,"5":0,"6":0,"7":1,"8":1,"9":1,"10":0,"11":0,"12":0,"13":1,"14":0,"15":0,"16":0,"17":0,"18":0,"19":1,"20":0,"21":0,"22":0,"23":0,"24":0,"25":0,"26":1,"27":0,"28":0,"29":0,"30":0,"31":0,"32":1,"33":0,"34":0,"35":0,"36":0,"37":0,"38":1,"39":1,"40":1,"41":0,"42":0,"43":0,"44":1,"45":1,"46":1,"47":1,"48":0,"49":0,"50":0,"51":1,"52":1,"53":1,"54":1,"55":1,"56":0,"57":0,"58":0,"59":1,"60":1,"61":1,"62":1,"63":0,"64":0,"65":0,"66":1,"67":1,"68":1,"69":1,"70":1,"71":0,"72":0,"73":0,"74":0,"75":0,"76":0,"77":1,"78":0,"79":0,"80":0,"81":0,"82":0,"83":0,"84":0,"85":0,"86":0,"87":0,"88":1,"89":0,"90":0,"91":0,"92":0,"93":0,"94":0,"95":0,"96":0,"97":0,"98":1,"99":0,"100":0,"101":0,"102":0,"103":0,"104":0,"105":0,"106":1,"107":0,"108":0,"109":0,"110":0,"111":0,"112":0},"f":{"0":0,"1":1,"2":0,"3":0,"4":0,"5":0,"6":0,"7":0,"8":0,"9":0,"10":0,"11":1,"12":0,"13":1,"14":0,"15":1,"16":0,"17":1,"18":0,"19":1,"20":0,"21":0,"22":0,"23":0,"24":0,"25":0,"26":0,"27":0,"28":0},"b":{"0":[0,0],"1":[0,0],"2":[0,0],"3":[0,0],"4":[0,0],"5":[0,0],"6":[0,0],"7":[0,0],"8":[0,0],"9":[0,0],"10":[1,0],"11":[1,1],"12":[0,0],"13":[0,0],"14":[0,0],"15":[0,0],"16":[0,0],"17":[0,0],"18":[0,0],"19":[0,0]},"_coverageSchema":"332fd63041d2c1bcb487cc26dd0d5f7d97098a6c","hash":"38050db7c46b982fb165f517c61bb44c04c53a3b"}
}
